Finding first intersection
    Evaluating ((-1516.5494393429265, 22400.05772930349), (-1467.499439342919, 22399.999999999996))
    From queue [((-1467.499439342927, 17536.0), (-1467.499439342919, 22400.0))]
Found intersection
                at (-1467.499439342919, 22399.999999999996)
         with wall ((-1467.499439342927, 17536.0), (-1467.499439342919, 22400.0))
    split elements [((-1516.5494393429265, 22400.05772930349), (-1467.499439342919, 22399.999999999996))]

Finding first intersection
    Evaluating ((-1467.499439342927, 17536.0), (-1467.499439342919, 22400.0))
    From queue [((-1516.5494393429265, 22400.05772930349), (-1467.499439342919, 22399.999999999996))]
Found intersection
                at (-1467.499439342919, 22400.0) ???
                   ((-1467.499439342927, 17536.0), (-1467.499439342919, 22400.0)) VERT
         with wall ((-1516.5494393429265, 22400.05772930349), (-1467.499439342919, 22399.999999999996)) HORZ
    split elements [((-1467.499439342927, 17536.0), (-1467.499439342919, 22400.0))]

Finding first intersection
    Evaluating ((-1516.5494393429265, 22400.05772930349), (-1467.499439342919, 22399.999999999996))
    From queue [((-1467.499439342927, 17536.0), (-1467.499439342919, 22400.0))]
Found intersection
                at (-1467.499439342919, 22399.999999999996)
         with wall ((-1467.499439342927, 17536.0), (-1467.499439342919, 22400.0))
    split elements [((-1516.5494393429265, 22400.05772930349), (-1467.499439342919, 22399.999999999996))]

Finding first intersection
    Evaluating ((-1467.499439342927, 17536.0), (-1467.499439342919, 22400.0))
    From queue [((-1516.5494393429265, 22400.05772930349), (-1467.499439342919, 22399.999999999996))]
Found intersection
                at (-1467.499439342919, 22400.0)
         with wall ((-1516.5494393429265, 22400.05772930349), (-1467.499439342919, 22399.999999999996))
    split elements [((-1467.499439342927, 17536.0), (-1467.499439342919, 22400.0))]

Finding first intersection
    Evaluating ((-1516.5494393429265, 22400.05772930349), (-1467.499439342919, 22399.999999999996))
    From queue [((-1467.499439342927, 17536.0), (-1467.499439342919, 22400.0))]
Found intersection
                at (-1467.499439342919, 22399.999999999996)
         with wall ((-1467.499439342927, 17536.0), (-1467.499439342919, 22400.0))
    split elements [((-1516.5494393429265, 22400.05772930349), (-1467.499439342919, 22399.999999999996))]

Finding first intersection
    Evaluating ((-1467.499439342927, 17536.0), (-1467.499439342919, 22400.0))
    From queue [((-1516.5494393429265, 22400.05772930349), (-1467.499439342919, 22399.999999999996))]
Found intersection
                at (-1467.499439342919, 22400.0)
         with wall ((-1516.5494393429265, 22400.05772930349), (-1467.499439342919, 22399.999999999996))
    split elements [((-1467.499439342927, 17536.0), (-1467.499439342919, 22400.0))]
