[83] Basic Wall:Exterior - Insulation on Masonry:144837-1-2 - 2Tt7$hRrHBKvoaUIFPAz_N
[08] Curtain Wall:Exterior Curtain Wall:145547 - 2Tt7$hRrHBKvoaUIFPAzBP

[83]
"connected_to": [
            [
                "1Rlu17Ctf6ZvZdq3UgKRVD",
                "ATSTART"
            ],
            [
                "2UMN_OQKrAshZl3dHPulmH",
                "ATEND"
            ],
            [
                "2Tt7$hRrHBKvoaUIFPAzBP",
                "ATPATH"
            ],
            [
                "2UMN_OQKrAshZl3dHPul4n",
                "ATPATH"
            ],
            [
                "3FZFp0nq9AAhRAecLpGfvv",
                "ATPATH"
            ],
            [
                "2Tt7$hRrHBKvoaUIFPAzBP",
                "ATPATH"
            ],
            [
                "2UMN_OQKrAshZl3dHPulmH",
                "ATSTART"
            ],
            [
                "2UMN_OQKrAshZl3dHPul4n",
                "ATPATH"
            ],
            [
                "2UMN_OQKrAshZl3dHPul15",
                "ATSTART"
            ],
            [
                "2UMN_OQKrAshZl3dHPul9s",
                "ATSTART"
            ],
            [
                "2UMN_OQKrAshZl3dHPulHz",
                "ATSTART"
            ],
            [
                "1Rlu17Ctf6ZvZdq3UgKRVD",
                "ATSTART"
            ],
            [
                "3FZFp0nq9AAhRAecLpGfvv",
                "ATSTART"
            ]
        ]

[08]
"connected_to": [
            [
                "3n9ek_acHEfRCBQHch6_cD",
                "ATEND"
            ],
            [
                "2UMN_OQKrAshZl3dHPulpG",
                "ATSTART"
            ],
            [
                "3n9ek_acHEfRCBQHch6_cD",
                "ATSTART"
            ]
        ]


[36] Basic Wall:Exterior - Insulation on Masonry:144837-2
(-1504.1744393429449, 6067.438619937243), (-9772.552025166777, 6067.438619852066)

[10] Basic Wall:Exterior - Insulation on Masonry:148769
(-9848.79943934293, 22331.79075622589), (-9848.79943934293, 2329.7386198031604)

Intersects at (-9848.79943934293, 6067.43861985128)


Before glue
[29] (5.3, 30.81) -> (13.55, 30.81) -> y 30.81
[36] (13.48, 30.74) -> (13.48, 13.55) -> y 30.74

After glue
[29] (5.04, 30.67) -> (13.36, 30.67) -> y 30.67
[36] (13.34, 30.67) -> (13.34, 13.34) -> y 30.67



Debug element is encountered. 
    e1 [29] Basic Wall:Interior - 138mm Partition (1-hr):149189 
    e2 [36] Basic Wall:Interior - 138mm Partition (1-hr):150342
     {
        'tolerance': 200.0, 
        
        'w1_v1_distance_to_intersection': 69.25000000000023, 
        'w1_v2_distance_to_intersection': 8305.46249999998, 
        'w2_v1_distance_to_intersection': 69.24999999987995, 
        'w2_v2_distance_to_intersection': 17330.150001454742, 

        'intersection': (-1516.549439342951, 2329.7386199377142), 

        'orig_e1_v1': (-1447.2994393429508, 2329.738619937833), 
        'orig_e1_v2': (-9822.01193934293, 2329.7386199235066),
        'orig_e2_v1': (-1516.549439342951, 2260.4886199378343), 
        'orig_e2_v2': (-1516.549439342951, -15000.411381517028),

        'e1_v1': (-1516.549439342951, 2329.7386199377142), 
        'e1_v2': (-9822.01193934293, 2329.7386199235066), 
        'e2_v1': (-1516.549439342951, 2329.7386199377142), 
        'e2_v2': (-1516.549439342951, -15000.411381517028), 
    }



Debug element is encountered. Basic Wall:Exterior - Insulation on Masonry:139854 Basic Wall:Interior - 138mm Partition (1-hr):149189
     {'tolerance': 200.0, 'intersection': (56521.07811400084, 2329.738619937833), 'e1_v1': (56521.07811400084, -23484.161381517002), 'e1_v2': (56521.07811400084, -15000.411381517028), 'e2_v1': (-1447.2994393429508, 2329.738619937833), 'e2_v2': (-9697.29943934295, 2329.738619937833), 'w1_v1_distance_to_intersection': 25813.900001454836, 'w1_v2_distance_to_intersection': 17330.150001454862, 'w2_v1_distance_to_intersection': 57968.37755334379, 'w2_v2_distance_to_intersection': 66218.37755334379, 'orig_e1_v1': (56521.07811400084, -23484.161381517002), 'orig_e1_v2': (56521.07811400084, -15000.411381517028), 'orig_e2_v1': (-1447.2994393429508, 2329.738619937833), 'orig_e2_v2': (-9697.29943934295, 2329.738619937833)}
Debug element is encountered. Curtain Wall:Exterior Curtain Wall:139855 Basic Wall:Interior - 138mm Partition (1-hr):149189
     {'tolerance': 200.0, 'intersection': (-2801301928.2858233, 2329.7386199378343), 'e1_v1': (-1585.7992112371926, -23256.26206619774), 'e1_v2': (-9848.79943934293, -23256.18659512943), 'e2_v1': (-1447.2994393429508, 2329.738619937833), 'e2_v2': (-9697.29943934295, 2329.738619937833), 'w1_v1_distance_to_intersection': 2801300342.603459, 'w1_v2_distance_to_intersection': 2801292079.60323, 'w2_v1_distance_to_intersection': 2801300480.986384, 'w2_v2_distance_to_intersection': 2801292230.986384, 'orig_e1_v1': (-1585.7992112371926, -23256.26206619774), 'orig_e1_v2': (-9848.79943934293, -23256.18659512943), 'orig_e2_v1': (-1447.2994393429508, 2329.738619937833), 'orig_e2_v2': (-9697.29943934295, 2329.738619937833)}
Debug element is encountered. Curtain Wall:Exterior Curtain Wall:139856 Basic Wall:Interior - 138mm Partition (1-hr):149189
     {'tolerance': 200.0, 'intersection': (-9772.586609269885, 2329.7386199235916), 'e1_v1': (-9772.325362307398, 30564.17825627327), 'e1_v2': (-9772.400132956334, 22483.290525110104), 'e2_v1': (-1447.2994393429508, 2329.738619937833), 'e2_v2': (-9772.586609269885, 2329.7386199235916), 'w1_v1_distance_to_intersection': 28234.439637558306, 'w1_v2_distance_to_intersection': 20153.551906049222, 'w2_v1_distance_to_intersection': 8325.287169926934, 'w2_v2_distance_to_intersection': 75.28716992693444, 'orig_e1_v1': (-9772.325362307398, 30564.17825627327), 'orig_e1_v2': (-9772.400132956334, 22483.290525110104), 'orig_e2_v1': (-1447.2994393429508, 2329.738619937833), 'orig_e2_v2': (-9697.29943934295, 2329.738619937833)}
Debug element is encountered. Basic Wall:Exterior - Insulation on Masonry:139857 Basic Wall:Interior - 138mm Partition (1-hr):149189
     {'tolerance': 200.0, 'intersection': (1.6550116959546152e+16, 30640.540756191665), 'e1_v1': (27385.11240965514, 30640.540756191665), 'e1_v2': (6647.600558404763, 30640.540756191665), 'e2_v1': (-1447.2994393429508, 2329.738619937833), 'e2_v2': (-9772.586609269885, 2329.7386199235916), 'w1_v1_distance_to_intersection': 1.6550116959518766e+16, 'w1_v2_distance_to_intersection': 1.6550116959539504e+16, 'w2_v1_distance_to_intersection': 1.65501169595476e+16, 'w2_v2_distance_to_intersection': 1.6550116959555924e+16, 'orig_e1_v1': (27385.11240965514, 30640.540756191665), 'orig_e1_v2': (6647.600558404763, 30640.540756191665), 'orig_e2_v1': (-1447.2994393429508, 2329.738619937833), 'orig_e2_v2': (-9772.586609269885, 2329.7386199235916)}
Debug element is encountered. Curtain Wall:Exterior Curtain Wall:139858 Basic Wall:Interior - 138mm Partition (1-hr):149189
     {'tolerance': 200.0, 'intersection': (27385.11240965514, 2329.738619987154), 'e1_v1': (27385.11240965514, 22230.42825619169), 'e1_v2': (27385.11240965514, 19593.16633007287), 'e2_v1': (-1447.2994393429508, 2329.738619937833), 'e2_v2': (-9772.586609269885, 2329.7386199235916), 'w1_v1_distance_to_intersection': 19900.689636204537, 'w1_v2_distance_to_intersection': 17263.427710085714, 'w2_v1_distance_to_intersection': 28832.41184899809, 'w2_v2_distance_to_intersection': 37157.69901892502, 'orig_e1_v1': (27385.11240965514, 22230.42825619169), 'orig_e1_v2': (27385.11240965514, 19593.16633007287), 'orig_e2_v1': (-1447.2994393429508, 2329.738619937833), 'orig_e2_v2': (-9772.586609269885, 2329.7386199235916)}
Debug element is encountered. Curtain Wall:Exterior Curtain Wall:140003 Basic Wall:Interior - 138mm Partition (1-hr):149189
     {'tolerance': 200.0, 'intersection': (-9608946922.68213, 2329.7221827758003), 'e1_v1': (7269.213572374865, -12310.611721228255), 'e1_v2': (56521.07811400084, -12310.68676204205), 'e2_v1': (-1447.2994393429508, 2329.738619937833), 'e2_v2': (-9772.586609269885, 2329.7386199235916), 'w1_v1_distance_to_intersection': 9608954191.906855, 'w1_v2_distance_to_intersection': 9609003443.771397, 'w2_v1_distance_to_intersection': 9608945475.382692, 'w2_v2_distance_to_intersection': 9608937150.095522, 'orig_e1_v1': (7269.213572374865, -12310.611721228255), 'orig_e1_v2': (56521.07811400084, -12310.68676204205), 'orig_e2_v1': (-1447.2994393429508, 2329.738619937833), 'orig_e2_v2': (-9772.586609269885, 2329.7386199235916)}
Debug element is encountered. Curtain Wall:Exterior Curtain Wall:140006 Basic Wall:Interior - 138mm Partition (1-hr):149189
     {'tolerance': 200.0, 'intersection': (7269.213572374865, 2329.738619952743), 'e1_v1': (7269.213572374865, -12310.611721228255), 'e1_v2': (7269.213572374865, -6658.998681674548), 'e2_v1': (-1447.2994393429508, 2329.738619937833), 'e2_v2': (-9772.586609269885, 2329.7386199235916), 'w1_v1_distance_to_intersection': 14640.350341180998, 'w1_v2_distance_to_intersection': 8988.73730162729, 'w2_v1_distance_to_intersection': 8716.513011717816, 'w2_v2_distance_to_intersection': 17041.80018164475, 'orig_e1_v1': (7269.213572374865, -12310.611721228255), 'orig_e1_v2': (7269.213572374865, -6658.998681674548), 'orig_e2_v1': (-1447.2994393429508, 2329.738619937833), 'orig_e2_v2': (-9772.586609269885, 2329.7386199235916)}
Debug element is encountered. Curtain Wall:Exterior Curtain Wall:140009 Basic Wall:Interior - 138mm Partition (1-hr):149189
     {'tolerance': 200.0, 'intersection': (-4630232944.578665, 2329.7306994156934), 'e1_v1': (7269.213572374865, 19593.091330072868), 'e1_v2': (27385.11240965514, 19593.16633007287), 'e2_v1': (-1447.2994393429508, 2329.738619937833), 'e2_v2': (-9772.586609269885, 2329.7386199235916), 'w1_v1_distance_to_intersection': 4630240213.82442, 'w1_v2_distance_to_intersection': 4630260329.723257, 'w2_v1_distance_to_intersection': 4630231497.279225, 'w2_v2_distance_to_intersection': 4630223171.992056, 'orig_e1_v1': (7269.213572374865, 19593.091330072868), 'orig_e1_v2': (27385.11240965514, 19593.16633007287), 'orig_e2_v1': (-1447.2994393429508, 2329.738619937833), 'orig_e2_v2': (-9772.586609269885, 2329.7386199235916)}
Debug element is encountered. Curtain Wall:Pavillion Curtain Wall:140012 Basic Wall:Interior - 138mm Partition (1-hr):149189
     {'tolerance': 200.0, 'intersection': (-1750537071422635.0, -664.7482941013049), 'e1_v1': (7847.60055840472, -664.7482941013049), 'e1_v2': (14133.765205065294, -664.7482941013049), 'e2_v1': (-1447.2994393429508, 2329.738619937833), 'e2_v2': (-9772.586609269885, 2329.7386199235916), 'w1_v1_distance_to_intersection': 1750537071430482.5, 'w1_v2_distance_to_intersection': 1750537071436768.8, 'w2_v1_distance_to_intersection': 1750537071421187.8, 'w2_v2_distance_to_intersection': 1750537071412862.5, 'orig_e1_v1': (7847.60055840472, -664.7482941013049), 'orig_e1_v2': (14133.765205065294, -664.7482941013049), 'orig_e2_v1': (-1447.2994393429508, 2329.738619937833), 'orig_e2_v2': (-9772.586609269885, 2329.7386199235916)}
Debug element is encountered. Curtain Wall:Pavillion Curtain Wall:140015 Basic Wall:Interior - 138mm Partition (1-hr):149189
     {'tolerance': 200.0, 'intersection': (14133.765205065294, 2329.738619964486), 'e1_v1': (14133.765205065294, -6658.998681674548), 'e1_v2': (14133.765205065294, -664.7482941013049), 'e2_v1': (-1447.2994393429508, 2329.738619937833), 'e2_v2': (-9772.586609269885, 2329.7386199235916), 'w1_v1_distance_to_intersection': 8988.737301639034, 'w1_v2_distance_to_intersection': 2994.486914065791, 'w2_v1_distance_to_intersection': 15581.064644408245, 'w2_v2_distance_to_intersection': 23906.35181433518, 'orig_e1_v1': (14133.765205065294, -6658.998681674548), 'orig_e1_v2': (14133.765205065294, -664.7482941013049), 'orig_e2_v1': (-1447.2994393429508, 2329.738619937833), 'orig_e2_v2': (-9772.586609269885, 2329.7386199235916)}
Debug element is encountered. Curtain Wall:Pavillion Curtain Wall:140018 Basic Wall:Interior - 138mm Partition (1-hr):149189
     {'tolerance': 200.0, 'intersection': (-5254695820499953.0, -6658.998681674548), 'e1_v1': (7847.600558404711, -6658.998681674548), 'e1_v2': (14133.765205065294, -6658.998681674548), 'e2_v1': (-1447.2994393429508, 2329.738619937833), 'e2_v2': (-9772.586609269885, 2329.7386199235916), 'w1_v1_distance_to_intersection': 5254695820507801.0, 'w1_v2_distance_to_intersection': 5254695820514087.0, 'w2_v1_distance_to_intersection': 5254695820498506.0, 'w2_v2_distance_to_intersection': 5254695820490180.0, 'orig_e1_v1': (7847.600558404711, -6658.998681674548), 'orig_e1_v2': (14133.765205065294, -6658.998681674548), 'orig_e2_v1': (-1447.2994393429508, 2329.738619937833), 'orig_e2_v2': (-9772.586609269885, 2329.7386199235916)}
Debug element is encountered. Basic Wall:Interior - 138mm Partition (1-hr):143858 Basic Wall:Interior - 138mm Partition (1-hr):149189
     {'tolerance': 200.0, 'intersection': (1.1648211758586366e+16, 22255.29075619169), 'e1_v1': (24468.89990965514, 22255.29075619169), 'e1_v2': (8222.600558404767, 22255.29075619169), 'e2_v1': (-1447.2994393429508, 2329.738619937833), 'e2_v2': (-9772.586609269885, 2329.7386199235916), 'w1_v1_distance_to_intersection': 1.1648211758561898e+16, 'w1_v2_distance_to_intersection': 1.1648211758578144e+16, 'w2_v1_distance_to_intersection': 1.1648211758587814e+16, 'w2_v2_distance_to_intersection': 1.1648211758596138e+16, 'orig_e1_v1': (24468.89990965514, 22255.29075619169), 'orig_e1_v2': (8222.600558404767, 22255.29075619169), 'orig_e2_v1': (-1447.2994393429508, 2329.738619937833), 'orig_e2_v2': (-9772.586609269885, 2329.7386199235916)}
Debug element is encountered. Basic Wall:Interior - 138mm Partition (1-hr):144051 Basic Wall:Interior - 138mm Partition (1-hr):149189
     {'tolerance': 200.0, 'intersection': (-1.0130974321046744e+16, -15000.411381517028), 'e1_v1': (1454.200560657017, -15000.411381517028), 'e1_v2': (7269.213572374865, -15000.411381517028), 'e2_v1': (-1447.2994393429508, 2329.738619937833), 'e2_v2': (-9772.586609269885, 2329.7386199235916), 'w1_v1_distance_to_intersection': 1.0130974321048198e+16, 'w1_v2_distance_to_intersection': 1.0130974321054014e+16, 'w2_v1_distance_to_intersection': 1.0130974321045296e+16, 'w2_v2_distance_to_intersection': 1.0130974321036972e+16, 'orig_e1_v1': (1454.200560657017, -15000.411381517028), 'orig_e1_v2': (7269.213572374865, -15000.411381517028), 'orig_e2_v1': (-1447.2994393429508, 2329.738619937833), 'orig_e2_v2': (-9772.586609269885, 2329.7386199235916)}
Debug element is encountered. Basic Wall:Interior - 138mm Partition (1-hr):144180 Basic Wall:Interior - 138mm Partition (1-hr):149189
     {'tolerance': 200.0, 'intersection': (8222.600558404767, 2329.7386199543744), 'e1_v1': (8222.600558404767, 30564.178256183837), 'e1_v2': (8222.600558404767, 22230.42825619175), 'e2_v1': (-1447.2994393429508, 2329.738619937833), 'e2_v2': (-9772.586609269885, 2329.7386199235916), 'w1_v1_distance_to_intersection': 28234.439636229465, 'w1_v2_distance_to_intersection': 19900.689636237374, 'w2_v1_distance_to_intersection': 9669.899997747718, 'w2_v2_distance_to_intersection': 17995.187167674652, 'orig_e1_v1': (8222.600558404767, 30564.178256183837), 'orig_e1_v2': (8222.600558404767, 22230.42825619175), 'orig_e2_v1': (-1447.2994393429508, 2329.738619937833), 'orig_e2_v2': (-9772.586609269885, 2329.7386199235916)}
Debug element is encountered. Basic Wall:Interior - 138mm Partition (1-hr):144230 Basic Wall:Interior - 138mm Partition (1-hr):149189
     {'tolerance': 200.0, 'intersection': (12182.600558404767, 2329.7386199611483), 'e1_v1': (12182.600558404767, 30564.178256164156), 'e1_v2': (12182.600558404767, 22230.42825619174), 'e2_v1': (-1447.2994393429508, 2329.738619937833), 'e2_v2': (-9772.586609269885, 2329.7386199235916), 'w1_v1_distance_to_intersection': 28234.43963620301, 'w1_v2_distance_to_intersection': 19900.689636230592, 'w2_v1_distance_to_intersection': 13629.899997747718, 'w2_v2_distance_to_intersection': 21955.187167674652, 'orig_e1_v1': (12182.600558404767, 30564.178256164156), 'orig_e1_v2': (12182.600558404767, 22230.42825619174), 'orig_e2_v1': (-1447.2994393429508, 2329.738619937833), 'orig_e2_v2': (-9772.586609269885, 2329.7386199235916)}
Debug element is encountered. Basic Wall:Interior - 138mm Partition (1-hr):144289 Basic Wall:Interior - 138mm Partition (1-hr):149189
     {'tolerance': 200.0, 'intersection': (18202.600558404767, 2329.738619971446), 'e1_v1': (18202.600558404767, 30564.178256134237), 'e1_v2': (18202.600558404767, 22230.42825619172), 'e2_v1': (-1447.2994393429508, 2329.738619937833), 'e2_v2': (-9772.586609269885, 2329.7386199235916), 'w1_v1_distance_to_intersection': 28234.43963616279, 'w1_v2_distance_to_intersection': 19900.689636220275, 'w2_v1_distance_to_intersection': 19649.899997747718, 'w2_v2_distance_to_intersection': 27975.187167674652, 'orig_e1_v1': (18202.600558404767, 30564.178256134237), 'orig_e1_v2': (18202.600558404767, 22230.42825619172), 'orig_e2_v1': (-1447.2994393429508, 2329.738619937833), 'orig_e2_v2': (-9772.586609269885, 2329.7386199235916)}
Debug element is encountered. Basic Wall:Generic - 200mm:144344 Basic Wall:Interior - 138mm Partition (1-hr):149189
     {'tolerance': 200.0, 'intersection': (24468.89990965514, 2329.7386199821653), 'e1_v1': (24468.89990965514, 30564.178256103092), 'e1_v2': (24468.89990965514, 22230.428256191703), 'e2_v1': (-1447.2994393429508, 2329.738619937833), 'e2_v2': (-9772.586609269885, 2329.7386199235916), 'w1_v1_distance_to_intersection': 28234.439636120926, 'w1_v2_distance_to_intersection': 19900.689636209536, 'w2_v1_distance_to_intersection': 25916.199348998092, 'w2_v2_distance_to_intersection': 34241.48651892503, 'orig_e1_v1': (24468.89990965514, 30564.178256103092), 'orig_e1_v2': (24468.89990965514, 22230.428256191703), 'orig_e2_v1': (-1447.2994393429508, 2329.738619937833), 'orig_e2_v2': (-9772.586609269885, 2329.7386199235916)}
Debug element is encountered. Basic Wall:Exterior - Insulation on Masonry:144837 Basic Wall:Interior - 138mm Partition (1-hr):149189
     {'tolerance': 200.0, 'intersection': (186445097745530.3, 2648.67354254236), 'e1_v1': (-1447.2994393429449, 6067.438619937829), 'e1_v2': (-9848.79943934293, 6067.438620091883), 'e2_v1': (-1447.2994393429508, 2329.738619937833), 'e2_v2': (-9772.586609269885, 2329.7386199235916), 'w1_v1_distance_to_intersection': 186445097746977.62, 'w1_v2_distance_to_intersection': 186445097755379.12, 'w2_v1_distance_to_intersection': 186445097746977.62, 'w2_v2_distance_to_intersection': 186445097755302.9, 'orig_e1_v1': (-1447.2994393429449, 6067.438619937829), 'orig_e1_v2': (-9848.79943934293, 6067.438620091883), 'orig_e2_v1': (-1447.2994393429508, 2329.738619937833), 'orig_e2_v2': (-9772.586609269885, 2329.7386199235916)}
Debug element is encountered. Basic Wall:Interior - 138mm Partition (1-hr):145023 Basic Wall:Interior - 138mm Partition (1-hr):149189
     {'tolerance': 200.0, 'intersection': (1.3023744144365988e+16, 24608.290756191724), 'e1_v1': (8222.600558404767, 24608.290756191724), 'e1_v2': (14922.600558404758, 24608.290756191724), 'e2_v1': (-1447.2994393429508, 2329.738619937833), 'e2_v2': (-9772.586609269885, 2329.7386199235916), 'w1_v1_distance_to_intersection': 1.3023744144357766e+16, 'w1_v2_distance_to_intersection': 1.3023744144351066e+16, 'w2_v1_distance_to_intersection': 1.3023744144367436e+16, 'w2_v2_distance_to_intersection': 1.302374414437576e+16, 'orig_e1_v1': (8222.600558404767, 24608.290756191724), 'orig_e1_v2': (14922.600558404758, 24608.290756191724), 'orig_e2_v1': (-1447.2994393429508, 2329.738619937833), 'orig_e2_v2': (-9772.586609269885, 2329.7386199235916)}
Debug element is encountered. Basic Wall:Interior - 138mm Partition (1-hr):145054 Basic Wall:Interior - 138mm Partition (1-hr):149189
     {'tolerance': 200.0, 'intersection': (14922.600558404758, 2329.7386199658354), 'e1_v1': (14922.600558404758, 24608.29075619168), 'e1_v2': (14922.600558404758, 22230.42825619173), 'e2_v1': (-1447.2994393429508, 2329.738619937833), 'e2_v2': (-9772.586609269885, 2329.7386199235916), 'w1_v1_distance_to_intersection': 22278.552136225844, 'w1_v2_distance_to_intersection': 19900.689636225896, 'w2_v1_distance_to_intersection': 16369.899997747709, 'w2_v2_distance_to_intersection': 24695.187167674645, 'orig_e1_v1': (14922.600558404758, 24608.29075619168), 'orig_e1_v2': (14922.600558404758, 22230.42825619173), 'orig_e2_v1': (-1447.2994393429508, 2329.738619937833), 'orig_e2_v2': (-9772.586609269885, 2329.7386199235916)}
Debug element is encountered. Basic Wall:Interior - 138mm Partition (1-hr):145109 Basic Wall:Interior - 138mm Partition (1-hr):149189
     {'tolerance': 200.0, 'intersection': (1.4941626794024446e+16, 27889.040756191665), 'e1_v1': (24468.89990965514, 27889.040756191665), 'e1_v2': (18202.600558404767, 27889.040756191665), 'e2_v1': (-1447.2994393429508, 2329.738619937833), 'e2_v2': (-9772.586609269885, 2329.7386199235916), 'w1_v1_distance_to_intersection': 1.4941626793999978e+16, 'w1_v2_distance_to_intersection': 1.4941626794006244e+16, 'w2_v1_distance_to_intersection': 1.4941626794025894e+16, 'w2_v2_distance_to_intersection': 1.4941626794034218e+16, 'orig_e1_v1': (24468.89990965514, 27889.040756191665), 'orig_e1_v2': (18202.600558404767, 27889.040756191665), 'orig_e2_v1': (-1447.2994393429508, 2329.738619937833), 'orig_e2_v2': (-9772.586609269885, 2329.7386199235916)}
Debug element is encountered. Basic Wall:Interior - 138mm Partition (1-hr):145174 Basic Wall:Interior - 138mm Partition (1-hr):149189
     {'tolerance': 200.0, 'intersection': (21212.600558404763, 2329.738619976595), 'e1_v1': (21212.600558404763, 27889.040756191665), 'e1_v2': (21212.600558404763, 22230.42825619171), 'e2_v1': (-1447.2994393429508, 2329.738619937833), 'e2_v2': (-9772.586609269885, 2329.7386199235916), 'w1_v1_distance_to_intersection': 25559.30213621507, 'w1_v2_distance_to_intersection': 19900.689636215116, 'w2_v1_distance_to_intersection': 22659.899997747714, 'w2_v2_distance_to_intersection': 30985.18716767465, 'orig_e1_v1': (21212.600558404763, 27889.040756191665), 'orig_e1_v2': (21212.600558404763, 22230.42825619171), 'orig_e2_v1': (-1447.2994393429508, 2329.738619937833), 'orig_e2_v2': (-9772.586609269885, 2329.7386199235916)}
Debug element is encountered. Basic Wall:Interior - 138mm Partition (1-hr):145211 Basic Wall:Interior - 138mm Partition (1-hr):149189
     {'tolerance': 200.0, 'intersection': (1.3023744144365962e+16, 24608.29075619168), 'e1_v1': (21212.600558404763, 24608.29075619168), 'e1_v2': (24468.89990965514, 24608.29075619168), 'e2_v1': (-1447.2994393429508, 2329.738619937833), 'e2_v2': (-9772.586609269885, 2329.7386199235916), 'w1_v1_distance_to_intersection': 1.302374414434475e+16, 'w1_v2_distance_to_intersection': 1.3023744144341494e+16, 'w2_v1_distance_to_intersection': 1.302374414436741e+16, 'w2_v2_distance_to_intersection': 1.3023744144375734e+16, 'orig_e1_v1': (21212.600558404763, 24608.29075619168), 'orig_e1_v2': (24468.89990965514, 24608.29075619168), 'orig_e2_v1': (-1447.2994393429508, 2329.738619937833), 'orig_e2_v2': (-9772.586609269885, 2329.7386199235916)}
Debug element is encountered. Basic Wall:Interior - 138mm Partition (1-hr):145263 Basic Wall:Interior - 138mm Partition (1-hr):149189
     {'tolerance': 200.0, 'intersection': (23868.899909655134, 2329.738619981139), 'e1_v1': (23868.899909655134, 24608.29075619168), 'e1_v2': (23868.899909655134, 22230.428256191703), 'e2_v1': (-1447.2994393429508, 2329.738619937833), 'e2_v2': (-9772.586609269885, 2329.7386199235916), 'w1_v1_distance_to_intersection': 22278.552136210543, 'w1_v2_distance_to_intersection': 19900.68963621056, 'w2_v1_distance_to_intersection': 25316.199348998085, 'w2_v2_distance_to_intersection': 33641.48651892502, 'orig_e1_v1': (23868.899909655134, 24608.29075619168), 'orig_e1_v2': (23868.899909655134, 22230.428256191703), 'orig_e2_v1': (-1447.2994393429508, 2329.738619937833), 'orig_e2_v2': (-9772.586609269885, 2329.7386199235916)}
Debug element is encountered. Curtain Wall:Exterior Curtain Wall:145547 Basic Wall:Interior - 138mm Partition (1-hr):149189
     {'tolerance': 200.0, 'intersection': (-4073.424439342951, 2560.0), 'e1_v1': (-4073.4244393429453, 6067.438619985983), 'e1_v2': (-4073.4244393429194, 22255.29075619169), 'e2_v1': (-1447.2994393429508, 2329.738619937833), 'e2_v2': (-9772.586609269885, 2329.7386199235916), 'w1_v1_distance_to_intersection': 3507.4386199859828, 'w1_v2_distance_to_intersection': 19695.29075619169, 'w2_v1_distance_to_intersection': 2636.200451174594, 'w2_v2_distance_to_intersection': 5703.811860701664, 'orig_e1_v1': (-4073.4244393429453, 6067.438619985983), 'orig_e1_v2': (-4073.4244393429194, 22255.29075619169), 'orig_e2_v1': (-1447.2994393429508, 2329.738619937833), 'orig_e2_v2': (-9772.586609269885, 2329.7386199235916)}
Debug element is encountered. Curtain Wall:Storefront:147833 Basic Wall:Interior - 138mm Partition (1-hr):149189
     {'tolerance': 200.0, 'intersection': (1.221130424692252e+16, 23218.522620997283), 'e1_v1': (24468.89990965514, 23248.989856191674), 'e1_v2': (27385.11240965514, 23248.989856191667), 'e2_v1': (-1447.2994393429508, 2329.738619937833), 'e2_v2': (-9772.586609269885, 2329.7386199235916), 'w1_v1_distance_to_intersection': 1.2211304246898052e+16, 'w1_v2_distance_to_intersection': 1.2211304246895134e+16, 'w2_v1_distance_to_intersection': 1.2211304246923968e+16, 'w2_v2_distance_to_intersection': 1.2211304246932292e+16, 'orig_e1_v1': (24468.89990965514, 23248.989856191674), 'orig_e1_v2': (27385.11240965514, 23248.989856191667), 'orig_e2_v1': (-1447.2994393429508, 2329.738619937833), 'orig_e2_v2': (-9772.586609269885, 2329.7386199235916)}
Debug element is encountered. Curtain Wall:Exterior Curtain Wall:148422 Basic Wall:Interior - 138mm Partition (1-hr):149189
     {'tolerance': 200.0, 'intersection': (4226248853443308.5, 9559.203847337329), 'e1_v1': (6647.600558404765, 30564.178256191663), 'e1_v2': (-9848.79943934293, 30564.17825627365), 'e2_v1': (-1447.2994393429508, 2329.738619937833), 'e2_v2': (-9772.586609269885, 2329.7386199235916), 'w1_v1_distance_to_intersection': 4226248853436661.0, 'w1_v2_distance_to_intersection': 4226248853453157.5, 'w2_v1_distance_to_intersection': 4226248853444756.0, 'w2_v2_distance_to_intersection': 4226248853453081.0, 'orig_e1_v1': (6647.600558404765, 30564.178256191663), 'orig_e1_v2': (-9848.79943934293, 30564.17825627365), 'orig_e2_v1': (-1447.2994393429508, 2329.738619937833), 'orig_e2_v2': (-9772.586609269885, 2329.7386199235916)}
Debug element is encountered. Basic Wall:Exterior - Insulation on Masonry:148769 Basic Wall:Interior - 138mm Partition (1-hr):149189
     {'tolerance': 200.0, 'intersection': (-9848.79943934293, 2329.738619923461), 'e1_v1': (-9848.79943934293, 22483.290756191782), 'e1_v2': (-9848.79943934293, 2329.738619923461), 'e2_v1': (-1447.2994393429508, 2329.738619937833), 'e2_v2': (-9848.79943934293, 2329.738619923461), 'w1_v1_distance_to_intersection': 20153.55213626832, 'w1_v2_distance_to_intersection': 69.24999998560133, 'w2_v1_distance_to_intersection': 8401.49999999998, 'w2_v2_distance_to_intersection': 76.21283007304555, 'orig_e1_v1': (-9848.79943934293, 22483.290756191782), 'orig_e1_v2': (-9848.79943934293, 2260.4886199378598), 'orig_e2_v1': (-1447.2994393429508, 2329.738619937833), 'orig_e2_v2': (-9772.586609269885, 2329.7386199235916)}
Debug element is encountered. Curtain Wall:Storefront:148960 Basic Wall:Interior - 138mm Partition (1-hr):149189
     {'tolerance': 200.0, 'intersection': (1.1612982856734042e+16, 22195.224151861483), 'e1_v1': (-1378.0494393429262, 22230.42825619178), 'e1_v2': (8222.600558404767, 22230.42825619175), 'e2_v1': (-1447.2994393429508, 2329.738619937833), 'e2_v2': (-9848.79943934293, 2329.738619923461), 'w1_v1_distance_to_intersection': 1.161298285673542e+16, 'w1_v2_distance_to_intersection': 1.161298285672582e+16, 'w2_v1_distance_to_intersection': 1.161298285673549e+16, 'w2_v2_distance_to_intersection': 1.161298285674389e+16, 'orig_e1_v1': (-1378.0494393429262, 22230.42825619178), 'orig_e1_v2': (8222.600558404767, 22230.42825619175), 'orig_e2_v1': (-1447.2994393429508, 2329.738619937833), 'orig_e2_v2': (-9848.79943934293, 2329.738619923461)}
Debug element is encountered. Basic Wall:Interior - 138mm Partition (1-hr):149189 Basic Wall:Interior - 138mm Partition (1-hr):149293
     {'tolerance': 200.0, 'intersection': (-417644297957632.8, 1615.3048813461191), 'e1_v1': (-1447.2994393429508, 2329.738619937833), 'e1_v2': (-9848.79943934293, 2329.738619923461), 'e2_v1': (-1585.7994393429599, -3739.5113800621666), 'e2_v2': (-9848.79943934293, -3739.5113799562228), 'w1_v1_distance_to_intersection': 417644297956185.5, 'w1_v2_distance_to_intersection': 417644297947784.0, 'w2_v1_distance_to_intersection': 417644297956047.0, 'w2_v2_distance_to_intersection': 417644297947784.0, 'orig_e1_v1': (-1447.2994393429508, 2329.738619937833), 'orig_e1_v2': (-9848.79943934293, 2329.738619923461), 'orig_e2_v1': (-1585.7994393429599, -3739.5113800621666), 'orig_e2_v2': (-9848.79943934293, -3739.5113799562228)}
Debug element is encountered. Basic Wall:Interior - 138mm Partition (1-hr):149189 Basic Wall:Interior - 138mm Partition (1-hr):149395
     {'tolerance': 200.0, 'intersection': (690155232867139.1, 3510.3370038733083), 'e1_v1': (-1447.2994393429508, 2329.738619937833), 'e1_v2': (-9848.79943934293, 2329.738619923461), 'e2_v1': (-1585.7994393429665, -7739.5113800621675), 'e2_v2': (-9848.79943934293, -7739.511380196858), 'w1_v1_distance_to_intersection': 690155232868586.4, 'w1_v2_distance_to_intersection': 690155232876987.9, 'w2_v1_distance_to_intersection': 690155232868724.9, 'w2_v2_distance_to_intersection': 690155232876987.9, 'orig_e1_v1': (-1447.2994393429508, 2329.738619937833), 'orig_e1_v2': (-9848.79943934293, 2329.738619923461), 'orig_e2_v1': (-1585.7994393429665, -7739.5113800621675), 'orig_e2_v2': (-9848.79943934293, -7739.511380196858)}
Debug element is encountered. Basic Wall:Interior - 138mm Partition (1-hr):149189 Basic Wall:Interior - 138mm Partition (1-hr):149505
     {'tolerance': 200.0, 'intersection': (-7097.299439342925, 2329.7386199281677), 'e1_v1': (-1447.2994393429508, 2329.738619937833), 'e1_v2': (-9848.79943934293, 2329.738619923461), 'e2_v1': (-7097.299439342925, 6067.438620041431), 'e2_v2': (-7097.299439342925, 2329.7386199281677), 'w1_v1_distance_to_intersection': 5649.9999999999745, 'w1_v2_distance_to_intersection': 2751.5000000000055, 'w2_v1_distance_to_intersection': 3737.7000001132633, 'w2_v2_distance_to_intersection': 69.25000000968339, 'orig_e1_v1': (-1447.2994393429508, 2329.738619937833), 'orig_e1_v2': (-9848.79943934293, 2329.738619923461), 'orig_e2_v1': (-7097.299439342925, 6067.438620041431), 'orig_e2_v2': (-7097.299439342925, 2398.988619937851)}
Debug element is encountered. Basic Wall:Interior - 138mm Partition (1-hr):149189 Basic Wall:Interior - 138mm Partition (1-hr):149551
     {'tolerance': 200.0, 'intersection': (-2397.620798425282, 2329.738619936207), 'e1_v1': (-1447.2994393429508, 2329.738619937833), 'e1_v2': (-9848.79943934293, 2329.738619923461), 'e2_v1': (-2397.620798425282, 2329.738619936207), 'e2_v2': (-2397.620798425282, 4398.988619937836), 'w1_v1_distance_to_intersection': 950.3213590823311, 'w1_v2_distance_to_intersection': 7451.178640917649, 'w2_v1_distance_to_intersection': 69.2500000016289, 'w2_v2_distance_to_intersection': 2069.250000001629, 'orig_e1_v1': (-1447.2994393429508, 2329.738619937833), 'orig_e1_v2': (-9848.79943934293, 2329.738619923461), 'orig_e2_v1': (-2397.620798425282, 2398.988619937836), 'orig_e2_v2': (-2397.620798425282, 4398.988619937836)}
Debug element is encountered. Basic Wall:Interior - 138mm Partition (1-hr):149189 Basic Wall:Interior - 138mm Partition (1-hr):149589
     {'tolerance': 200.0, 'intersection': (1169161744177777.8, 4329.738619937836), 'e1_v1': (-1447.2994393429508, 2329.738619937833), 'e1_v2': (-9848.79943934293, 2329.738619923461), 'e2_v1': (-2328.3707984252787, 4329.738619937836), 'e2_v2': (-1585.7994393429472, 4329.738619937836), 'w1_v1_distance_to_intersection': 1169161744179225.0, 'w1_v2_distance_to_intersection': 1169161744187626.5, 'w2_v1_distance_to_intersection': 1169161744180106.0, 'w2_v2_distance_to_intersection': 1169161744179363.5, 'orig_e1_v1': (-1447.2994393429508, 2329.738619937833), 'orig_e1_v2': (-9848.79943934293, 2329.738619923461), 'orig_e2_v1': (-2328.3707984252787, 4329.738619937836), 'orig_e2_v2': (-1585.7994393429472, 4329.738619937836)}
Debug element is encountered. Basic Wall:Interior - 138mm Partition (1-hr):149189 Curtain Wall:Exterior Curtain Wall:149877
     {'tolerance': 200.0, 'intersection': (-9822.01193934293, 2329.7386199235066), 'e1_v1': (-1447.2994393429508, 2329.738619937833), 'e1_v2': (-9822.01193934293, 2329.7386199235066), 'e2_v1': (-9822.01193934293, -23256.186839796163), 'e2_v2': (-9822.01193934293, 2329.7386199235066), 'w1_v1_distance_to_intersection': 8374.71249999998, 'w1_v2_distance_to_intersection': 26.787500000000364, 'w2_v1_distance_to_intersection': 25585.92545971967, 'w2_v2_distance_to_intersection': 69.24999998564635, 'orig_e1_v1': (-1447.2994393429508, 2329.738619937833), 'orig_e1_v2': (-9848.79943934293, 2329.738619923461), 'orig_e2_v1': (-9822.01193934293, -23256.186839796163), 'orig_e2_v2': (-9822.01193934293, 2260.48861993786)}
Debug element is encountered. Basic Wall:Interior - 138mm Partition (1-hr):149189 Basic Wall:Interior - 138mm Partition (1-hr):150342
     {'tolerance': 200.0, 'intersection': (-1516.549439342951, 2329.7386199377142), 'e1_v1': (-1516.549439342951, 2329.7386199377142), 'e1_v2': (-9822.01193934293, 2329.7386199235066), 'e2_v1': (-1516.549439342951, 2329.7386199377142), 'e2_v2': (-1516.549439342951, -15000.411381517028), 'w1_v1_distance_to_intersection': 69.25000000000023, 'w1_v2_distance_to_intersection': 8305.46249999998, 'w2_v1_distance_to_intersection': 69.24999999987995, 'w2_v2_distance_to_intersection': 17330.150001454742, 'orig_e1_v1': (-1447.2994393429508, 2329.738619937833), 'orig_e1_v2': (-9822.01193934293, 2329.7386199235066), 'orig_e2_v1': (-1516.549439342951, 2260.4886199378343), 'orig_e2_v2': (-1516.549439342951, -15000.411381517028)}
Debug element is encountered. Basic Wall:Interior - 138mm Partition (1-hr):149189 Basic Wall:Generic - 200mm:150861
     {'tolerance': 200.0, 'intersection': (-1485.7994393429783, 2329.738619937767), 'e1_v1': (-1485.7994393429783, 2329.738619937767), 'e1_v2': (-9822.01193934293, 2329.7386199235066), 'e2_v1': (-1485.7994393429783, -15000.411381517028), 'e2_v2': (-1485.7994393429783, -23256.26297955723), 'w1_v1_distance_to_intersection': 30.749999999972715, 'w1_v2_distance_to_intersection': 8336.212499999952, 'w2_v1_distance_to_intersection': 17330.150001454793, 'w2_v2_distance_to_intersection': 25586.001599494994, 'orig_e1_v1': (-1516.549439342951, 2329.7386199377142), 'orig_e1_v2': (-9822.01193934293, 2329.7386199235066), 'orig_e2_v1': (-1485.7994393429783, -15000.411381517028), 'orig_e2_v2': (-1485.7994393429783, -23256.26297955723)}
Debug element is encountered. Basic Wall:Interior - 138mm Partition (1-hr):149189 Basic Wall:Exterior - Insulation on Masonry:150980
     {'tolerance': 200.0, 'intersection': (-1.5001464684927232e+16, -23332.661381517002), 'e1_v1': (-1485.7994393429783, 2329.738619937767), 'e1_v2': (-9822.01193934293, 2329.7386199235066), 'e2_v1': (-1585.7994393429915, -23332.661381517002), 'e2_v2': (12716.050558404595, -23332.661381517002), 'w1_v1_distance_to_intersection': 1.5001464684925746e+16, 'w1_v2_distance_to_intersection': 1.500146468491741e+16, 'w2_v1_distance_to_intersection': 1.5001464684925646e+16, 'w2_v2_distance_to_intersection': 1.5001464684939948e+16, 'orig_e1_v1': (-1485.7994393429783, 2329.738619937767), 'orig_e1_v2': (-9822.01193934293, 2329.7386199235066), 'orig_e2_v1': (-1585.7994393429915, -23332.661381517002), 'orig_e2_v2': (12716.050558404595, -23332.661381517002)}
Debug element is encountered. Basic Wall:Interior - 138mm Partition (1-hr):149189 Basic Wall:Generic - 200mm:151331
     {'tolerance': 200.0, 'intersection': (1354.200560657004, 2329.738619942625), 'e1_v1': (-1485.7994393429783, 2329.738619937767), 'e1_v2': (-9822.01193934293, 2329.7386199235066), 'e2_v1': (1354.200560657004, -23256.288919025712), 'e2_v2': (1354.200560657004, -15000.411381517028), 'w1_v1_distance_to_intersection': 2839.9999999999823, 'w1_v2_distance_to_intersection': 11176.212499999934, 'w2_v1_distance_to_intersection': 25586.027538968337, 'w2_v2_distance_to_intersection': 17330.150001459653, 'orig_e1_v1': (-1485.7994393429783, 2329.738619937767), 'orig_e1_v2': (-9822.01193934293, 2329.7386199235066), 'orig_e2_v1': (1354.200560657004, -23256.288919025712), 'orig_e2_v2': (1354.200560657004, -15000.411381517028)}
Debug element is encountered. Basic Wall:Interior - 138mm Partition (1-hr):149189 Curtain Wall:Storefront:151588
     {'tolerance': 200.0, 'intersection': (1449557909.2995136, 2329.741099640503), 'e1_v1': (-1485.7994393429783, 2329.738619937767), 'e1_v2': (-9822.01193934293, 2329.7386199235066), 'e2_v1': (1254.2002508397054, -15890.68834868286), 'e2_v2': (-1385.7997506286279, -15890.721532576432), 'w1_v1_distance_to_intersection': 1449559395.098953, 'w1_v2_distance_to_intersection': 1449567731.3114529, 'w2_v1_distance_to_intersection': 1449556655.213775, 'w2_v2_distance_to_intersection': 1449559295.2137766, 'orig_e1_v1': (-1485.7994393429783, 2329.738619937767), 'orig_e1_v2': (-9822.01193934293, 2329.7386199235066), 'orig_e2_v1': (1254.2002508397054, -15890.68834868286), 'orig_e2_v2': (-1385.7997506286279, -15890.721532576432)}
Debug element is encountered. Basic Wall:Interior - 138mm Partition (1-hr):149189 Basic Wall:Interior - 138mm Partition (1-hr):152037
     {'tolerance': 200.0, 'intersection': (3854.200560657016, 2329.738619946902), 'e1_v1': (-1485.7994393429783, 2329.738619937767), 'e1_v2': (-9822.01193934293, 2329.7386199235066), 'e2_v1': (3854.200560657016, -17384.661381517035), 'e2_v2': (3854.200560657016, -15000.411381517028), 'w1_v1_distance_to_intersection': 5339.9999999999945, 'w1_v2_distance_to_intersection': 13676.212499999947, 'w2_v1_distance_to_intersection': 19714.40000146394, 'w2_v2_distance_to_intersection': 17330.15000146393, 'orig_e1_v1': (-1485.7994393429783, 2329.738619937767), 'orig_e1_v2': (-9822.01193934293, 2329.7386199235066), 'orig_e2_v1': (3854.200560657016, -17384.661381517035), 'orig_e2_v2': (3854.200560657016, -15000.411381517028)}
Debug element is encountered. Basic Wall:Interior - 138mm Partition (1-hr):149189 Basic Wall:Interior - 138mm Partition (1-hr):152111
     {'tolerance': 200.0, 'intersection': (7244.501072374865, 2329.7386199527014), 'e1_v1': (-1485.7994393429783, 2329.738619937767), 'e1_v2': (-9822.01193934293, 2329.7386199235066), 'e2_v1': (7244.501072374865, -23256.34271876673), 'e2_v2': (7244.501072374865, -15000.411381517028), 'w1_v1_distance_to_intersection': 8730.300511717844, 'w1_v2_distance_to_intersection': 17066.513011717794, 'w2_v1_distance_to_intersection': 25586.081338719432, 'w2_v2_distance_to_intersection': 17330.15000146973, 'orig_e1_v1': (-1485.7994393429783, 2329.738619937767), 'orig_e1_v2': (-9822.01193934293, 2329.7386199235066), 'orig_e2_v1': (7244.501072374865, -23256.34271876673), 'orig_e2_v2': (7244.501072374865, -15000.411381517028)}
Debug element is encountered. Basic Wall:Interior - 138mm Partition (1-hr):149189 Basic Wall:Interior - 138mm Partition (1-hr):152271
     {'tolerance': 200.0, 'intersection': (12646.800558404593, 2329.7386199619427), 'e1_v1': (-1485.7994393429783, 2329.738619937767), 'e1_v2': (-9822.01193934293, 2329.7386199235066), 'e2_v1': (12646.800558404593, -23256.392061293936), 'e2_v2': (12646.800558404593, -15000.411381517028), 'w1_v1_distance_to_intersection': 14132.599997747571, 'w1_v2_distance_to_intersection': 22468.812497747524, 'w2_v1_distance_to_intersection': 25586.13068125588, 'w2_v2_distance_to_intersection': 17330.15000147897, 'orig_e1_v1': (-1485.7994393429783, 2329.738619937767), 'orig_e1_v2': (-9822.01193934293, 2329.7386199235066), 'orig_e2_v1': (12646.800558404593, -23256.392061293936), 'orig_e2_v2': (12646.800558404593, -15000.411381517028)}
Debug element is encountered. Basic Wall:Interior - 138mm Partition (1-hr):149189 Basic Wall:Interior - 138mm Partition (1-hr):152347
     {'tolerance': 200.0, 'intersection': (-1.1483961903805772e+16, -17315.411381517064), 'e1_v1': (-1485.7994393429783, 2329.738619937767), 'e1_v2': (-9822.01193934293, 2329.7386199235066), 'e2_v1': (12577.550558404604, -17315.411381517064), 'e2_v2': (3923.4505606570146, -17315.411381517064), 'w1_v1_distance_to_intersection': 1.1483961903804286e+16, 'w1_v2_distance_to_intersection': 1.148396190379595e+16, 'w2_v1_distance_to_intersection': 1.148396190381835e+16, 'w2_v2_distance_to_intersection': 1.1483961903809696e+16, 'orig_e1_v1': (-1485.7994393429783, 2329.738619937767), 'orig_e1_v2': (-9822.01193934293, 2329.7386199235066), 'orig_e2_v1': (12577.550558404604, -17315.411381517064), 'orig_e2_v2': (3923.4505606570146, -17315.411381517064)}
Debug element is encountered. Basic Wall:Interior - 138mm Partition (1-hr):149189 Basic Wall:Interior - 138mm Partition (1-hr):152882
     {'tolerance': 200.0, 'intersection': (8944.501072374876, 2329.7386199556095), 'e1_v1': (-1485.7994393429783, 2329.738619937767), 'e1_v2': (-9822.01193934293, 2329.7386199235066), 'e2_v1': (8944.501072374876, -17246.16138151705), 'e2_v2': (8944.501072374876, -15000.411381517028), 'w1_v1_distance_to_intersection': 10430.300511717855, 'w1_v2_distance_to_intersection': 18766.513011717805, 'w2_v1_distance_to_intersection': 19575.90000147266, 'w2_v2_distance_to_intersection': 17330.150001472637, 'orig_e1_v1': (-1485.7994393429783, 2329.738619937767), 'orig_e1_v2': (-9822.01193934293, 2329.7386199235066), 'orig_e2_v1': (8944.501072374876, -17246.16138151705), 'orig_e2_v2': (8944.501072374876, -15000.411381517028)}
Debug element is encountered. Basic Wall:Interior - 138mm Partition (1-hr):149189 Basic Wall:Interior - 138mm Partition (1-hr):153000
     {'tolerance': 200.0, 'intersection': (10946.800558404604, 2329.7386199590346), 'e1_v1': (-1485.7994393429783, 2329.738619937767), 'e1_v2': (-9822.01193934293, 2329.7386199235066), 'e2_v1': (10946.800558404604, -17246.161381517057), 'e2_v2': (10946.800558404604, -15000.411381517028), 'w1_v1_distance_to_intersection': 12432.599997747582, 'w1_v2_distance_to_intersection': 20768.812497747535, 'w2_v1_distance_to_intersection': 19575.90000147609, 'w2_v2_distance_to_intersection': 17330.15000147606, 'orig_e1_v1': (-1485.7994393429783, 2329.738619937767), 'orig_e1_v2': (-9822.01193934293, 2329.7386199235066), 'orig_e2_v1': (10946.800558404604, -17246.161381517057), 'orig_e2_v2': (10946.800558404604, -15000.411381517028)}
Debug element is encountered. Basic Wall:Interior - 138mm Partition (1-hr):149189 Basic Wall:Interior - 138mm Partition (1-hr):153162
     {'tolerance': 200.0, 'intersection': (9744.501072374876, 2329.7386199569783), 'e1_v1': (-1485.7994393429783, 2329.738619937767), 'e1_v2': (-9822.01193934293, 2329.7386199235066), 'e2_v1': (9744.501072374876, -17384.661381517053), 'e2_v2': (9744.501072374876, -23256.36555280589), 'w1_v1_distance_to_intersection': 11230.300511717855, 'w1_v2_distance_to_intersection': 19566.513011717805, 'w2_v1_distance_to_intersection': 19714.40000147403, 'w2_v2_distance_to_intersection': 25586.10417276287, 'orig_e1_v1': (-1485.7994393429783, 2329.738619937767), 'orig_e1_v2': (-9822.01193934293, 2329.7386199235066), 'orig_e2_v1': (9744.501072374876, -17384.661381517053), 'orig_e2_v2': (9744.501072374876, -23256.36555280589)}
Debug element is encountered. Basic Wall:Interior - 138mm Partition (1-hr):149189 Basic Wall:Interior - 138mm Partition (1-hr):153242
     {'tolerance': 200.0, 'intersection': (10244.501072374878, 2329.7386199578336), 'e1_v1': (-1485.7994393429783, 2329.738619937767), 'e1_v2': (-9822.01193934293, 2329.7386199235066), 'e2_v1': (10244.501072374878, -17384.661381517053), 'e2_v2': (10244.501072374878, -23256.370119613723), 'w1_v1_distance_to_intersection': 11730.300511717856, 'w1_v2_distance_to_intersection': 20066.51301171781, 'w2_v1_distance_to_intersection': 19714.400001474885, 'w2_v2_distance_to_intersection': 25586.108739571555, 'orig_e1_v1': (-1485.7994393429783, 2329.738619937767), 'orig_e1_v2': (-9822.01193934293, 2329.7386199235066), 'orig_e2_v1': (10244.501072374878, -17384.661381517053), 'orig_e2_v2': (10244.501072374878, -23256.370119613723)}
Debug element is encountered. Basic Wall:Interior - 138mm Partition (1-hr):149189 Basic Wall:Interior - 138mm Partition (1-hr):153435
     {'tolerance': 200.0, 'intersection': (-1.0130682758299718e+16, -15000.411381517053), 'e1_v1': (-1485.7994393429783, 2329.738619937767), 'e1_v2': (-9822.01193934293, 2329.7386199235066), 'e2_v1': (9013.751072374878, -15000.411381517053), 'e2_v2': (10877.55055840461, -15000.411381517053), 'w1_v1_distance_to_intersection': 1.0130682758298232e+16, 'w1_v2_distance_to_intersection': 1.0130682758289896e+16, 'w2_v1_distance_to_intersection': 1.0130682758308732e+16, 'w2_v2_distance_to_intersection': 1.0130682758310596e+16, 'orig_e1_v1': (-1485.7994393429783, 2329.738619937767), 'orig_e1_v2': (-9822.01193934293, 2329.7386199235066), 'orig_e2_v1': (9013.751072374878, -15000.411381517053), 'orig_e2_v2': (10877.55055840461, -15000.411381517053)}
Debug element is encountered. Basic Wall:Interior - 138mm Partition (1-hr):149189 Basic Wall:Interior - 138mm Partition (1-hr):153506
     {'tolerance': 200.0, 'intersection': (-1.0130682758299724e+16, -15000.411381517064), 'e1_v1': (-1485.7994393429783, 2329.738619937767), 'e1_v2': (-9822.01193934293, 2329.7386199235066), 'e2_v1': (12716.050558404602, -15000.411381517064), 'e2_v2': (53529.578114000855, -15000.411381517064), 'w1_v1_distance_to_intersection': 1.0130682758298238e+16, 'w1_v2_distance_to_intersection': 1.0130682758289902e+16, 'w2_v1_distance_to_intersection': 1.013068275831244e+16, 'w2_v2_distance_to_intersection': 1.0130682758353254e+16, 'orig_e1_v1': (-1485.7994393429783, 2329.738619937767), 'orig_e1_v2': (-9822.01193934293, 2329.7386199235066), 'orig_e2_v1': (12716.050558404602, -15000.411381517064), 'orig_e2_v2': (53529.578114000855, -15000.411381517064)}
Debug element is encountered. Basic Wall:Interior - 138mm Partition (1-hr):149189 Curtain Wall:Exterior Curtain Wall:153616
     {'tolerance': 200.0, 'intersection': (-1.495682547164485e+16, -23256.298881516996), 'e1_v1': (-1485.7994393429783, 2329.738619937767), 'e1_v2': (-9822.01193934293, 2329.7386199235066), 'e2_v1': (12716.050558404597, -23256.298881516996), 'e2_v2': (53529.57811400085, -23256.298881516996), 'w1_v1_distance_to_intersection': 1.4956825471643364e+16, 'w1_v2_distance_to_intersection': 1.4956825471635028e+16, 'w2_v1_distance_to_intersection': 1.4956825471657566e+16, 'w2_v2_distance_to_intersection': 1.495682547169838e+16, 'orig_e1_v1': (-1485.7994393429783, 2329.738619937767), 'orig_e1_v2': (-9822.01193934293, 2329.7386199235066), 'orig_e2_v1': (12716.050558404597, -23256.298881516996), 'orig_e2_v2': (53529.57811400085, -23256.298881516996)}
Debug element is encountered. Basic Wall:Interior - 138mm Partition (1-hr):149189 Basic Wall:Interior - 138mm Partition (1-hr):153904
     {'tolerance': 200.0, 'intersection': (23716.05055840461, 2329.738619980879), 'e1_v1': (-1485.7994393429783, 2329.738619937767), 'e1_v2': (-9822.01193934293, 2329.7386199235066), 'e2_v1': (23716.05055840461, -15000.411381517028), 'e2_v2': (23716.05055840461, -23256.49316356912), 'w1_v1_distance_to_intersection': 25201.84999774759, 'w1_v2_distance_to_intersection': 33538.06249774754, 'w2_v1_distance_to_intersection': 17330.150001497906, 'w2_v2_distance_to_intersection': 25586.23178355, 'orig_e1_v1': (-1485.7994393429783, 2329.738619937767), 'orig_e1_v2': (-9822.01193934293, 2329.7386199235066), 'orig_e2_v1': (23716.05055840461, -15000.411381517028), 'orig_e2_v2': (23716.05055840461, -23256.49316356912)}
Debug element is encountered. Basic Wall:Interior - 138mm Partition (1-hr):149189 Basic Wall:Interior - 138mm Partition (1-hr):154023
     {'tolerance': 200.0, 'intersection': (41716.050558404604, 2329.7386200116707), 'e1_v1': (-1485.7994393429783, 2329.738619937767), 'e1_v2': (-9822.01193934293, 2329.7386199235066), 'e2_v1': (41716.050558404604, -15000.411381517028), 'e2_v2': (41716.050558404604, -23256.65756865107), 'w1_v1_distance_to_intersection': 43201.84999774758, 'w1_v2_distance_to_intersection': 51538.06249774754, 'w2_v1_distance_to_intersection': 17330.1500015287, 'w2_v2_distance_to_intersection': 25586.39618866274, 'orig_e1_v1': (-1485.7994393429783, 2329.738619937767), 'orig_e1_v2': (-9822.01193934293, 2329.7386199235066), 'orig_e2_v1': (41716.050558404604, -15000.411381517028), 'orig_e2_v2': (41716.050558404604, -23256.65756865107)}
Debug element is encountered. Basic Wall:Interior - 138mm Partition (1-hr):149189 Basic Wall:Interior - 138mm Partition (1-hr):154119
     {'tolerance': 200.0, 'intersection': (29716.050558404593, 2329.7386199911425), 'e1_v1': (-1485.7994393429783, 2329.738619937767), 'e1_v2': (-9822.01193934293, 2329.7386199235066), 'e2_v1': (29716.050558404593, -23256.547965263104), 'e2_v2': (29716.050558404593, -15000.411381517028), 'w1_v1_distance_to_intersection': 31201.849997747573, 'w1_v2_distance_to_intersection': 39538.06249774752, 'w2_v1_distance_to_intersection': 25586.286585254245, 'w2_v2_distance_to_intersection': 17330.15000150817, 'orig_e1_v1': (-1485.7994393429783, 2329.738619937767), 'orig_e1_v2': (-9822.01193934293, 2329.7386199235066), 'orig_e2_v1': (29716.050558404593, -23256.547965263104), 'orig_e2_v2': (29716.050558404593, -15000.411381517028)}
Debug element is encountered. Basic Wall:Interior - 138mm Partition (1-hr):149189 Basic Wall:Interior - 138mm Partition (1-hr):154229
     {'tolerance': 200.0, 'intersection': (47716.0505584046, 2329.7386200219344), 'e1_v1': (-1485.7994393429783, 2329.738619937767), 'e1_v2': (-9822.01193934293, 2329.7386199235066), 'e2_v1': (47716.0505584046, -15000.411381517028), 'e2_v2': (47716.0505584046, -23256.71237034505), 'w1_v1_distance_to_intersection': 49201.84999774757, 'w1_v2_distance_to_intersection': 57538.06249774752, 'w2_v1_distance_to_intersection': 17330.15000153896, 'w2_v2_distance_to_intersection': 25586.450990366982, 'orig_e1_v1': (-1485.7994393429783, 2329.738619937767), 'orig_e1_v2': (-9822.01193934293, 2329.7386199235066), 'orig_e2_v1': (47716.0505584046, -15000.411381517028), 'orig_e2_v2': (47716.0505584046, -23256.71237034505)}
Debug element is encountered. Basic Wall:Interior - 138mm Partition (1-hr):149189 Basic Wall:Generic - 200mm:154279
     {'tolerance': 200.0, 'intersection': (53629.57811400084, 2329.7386200320507), 'e1_v1': (-1485.7994393429783, 2329.738619937767), 'e1_v2': (-9822.01193934293, 2329.7386199235066), 'e2_v1': (53629.57811400084, -23484.161381517002), 'e2_v2': (53629.57811400084, -15000.411381517028), 'w1_v1_distance_to_intersection': 55115.37755334382, 'w1_v2_distance_to_intersection': 63451.59005334377, 'w2_v1_distance_to_intersection': 25813.900001549053, 'w2_v2_distance_to_intersection': 17330.15000154908, 'orig_e1_v1': (-1485.7994393429783, 2329.738619937767), 'orig_e1_v2': (-9822.01193934293, 2329.7386199235066), 'orig_e2_v1': (53629.57811400084, -23484.161381517002), 'orig_e2_v2': (53629.57811400084, -15000.411381517028)}
Debug element is encountered. Basic Wall:Interior - 138mm Partition (1-hr):149189 Basic Wall:Exterior - Insulation on Masonry:154427
     {'tolerance': 200.0, 'intersection': (-1.5001464684927232e+16, -23332.661381517002), 'e1_v1': (-1485.7994393429783, 2329.738619937767), 'e1_v2': (-9822.01193934293, 2329.7386199235066), 'e2_v1': (53729.57811400084, -23332.661381517002), 'e2_v2': (56521.07811400084, -23332.661381517002), 'w1_v1_distance_to_intersection': 1.5001464684925746e+16, 'w1_v2_distance_to_intersection': 1.500146468491741e+16, 'w2_v1_distance_to_intersection': 1.5001464684980962e+16, 'w2_v2_distance_to_intersection': 1.5001464684983754e+16, 'orig_e1_v1': (-1485.7994393429783, 2329.738619937767), 'orig_e1_v2': (-9822.01193934293, 2329.7386199235066), 'orig_e2_v1': (53729.57811400084, -23332.661381517002), 'orig_e2_v2': (56521.07811400084, -23332.661381517002)}
Debug element is encountered. Basic Wall:Interior - 138mm Partition (1-hr):149189 Curtain Wall:Storefront:155159
     {'tolerance': 200.0, 'intersection': (-1.0619758132531232e+16, -15837.052879397062), 'e1_v1': (-1485.7994393429783, 2329.738619937767), 'e1_v2': (-9822.01193934293, 2329.7386199235066), 'e2_v1': (56521.07811400084, -15878.572981517202), 'e2_v2': (53729.57811400086, -15878.57298151719), 'w1_v1_distance_to_intersection': 1.0619758132529746e+16, 'w1_v2_distance_to_intersection': 1.061975813252141e+16, 'w2_v1_distance_to_intersection': 1.0619758132587754e+16, 'w2_v2_distance_to_intersection': 1.0619758132584962e+16, 'orig_e1_v1': (-1485.7994393429783, 2329.738619937767), 'orig_e1_v2': (-9822.01193934293, 2329.7386199235066), 'orig_e2_v1': (56521.07811400084, -15878.572981517202), 'orig_e2_v2': (53729.57811400086, -15878.57298151719)}
Debug element is encountered. Basic Wall:Interior - 138mm Partition (1-hr):149189 Curtain Wall:Exterior Curtain Wall:155419
     {'tolerance': 200.0, 'intersection': (56494.29061400084, 2329.738620036951), 'e1_v1': (-1485.7994393429783, 2329.738619937767), 'e1_v2': (-9822.01193934293, 2329.7386199235066), 'e2_v1': (56494.29061400084, -12310.68672122825), 'e2_v2': (56494.29061400084, -15000.411381517028), 'w1_v1_distance_to_intersection': 57980.09005334382, 'w1_v2_distance_to_intersection': 66316.30255334378, 'w2_v1_distance_to_intersection': 14640.425341265201, 'w2_v2_distance_to_intersection': 17330.15000155398, 'orig_e1_v1': (-1485.7994393429783, 2329.738619937767), 'orig_e1_v2': (-9822.01193934293, 2329.7386199235066), 'orig_e2_v1': (56494.29061400084, -12310.68672122825), 'orig_e2_v2': (56494.29061400084, -15000.411381517028)}
Debug element is encountered. Basic Wall:Interior - 138mm Partition (1-hr):149189 Basic Wall:Generic - 225mm Concrete:155851
     {'tolerance': 200.0, 'intersection': (-5269078461107054.0, -6683.861181674547), 'e1_v1': (-1485.7994393429783, 2329.738619937767), 'e1_v2': (-9822.01193934293, 2329.7386199235066), 'e2_v1': (7847.600558404708, -6683.861181674547), 'e2_v2': (6447.600558404708, -6683.861181674547), 'w1_v1_distance_to_intersection': 5269078461105568.0, 'w1_v2_distance_to_intersection': 5269078461097232.0, 'w2_v1_distance_to_intersection': 5269078461114902.0, 'w2_v2_distance_to_intersection': 5269078461113502.0, 'orig_e1_v1': (-1485.7994393429783, 2329.738619937767), 'orig_e1_v2': (-9822.01193934293, 2329.7386199235066), 'orig_e2_v1': (7847.600558404708, -6683.861181674547), 'orig_e2_v2': (6447.600558404708, -6683.861181674547)}
Debug element is encountered. Basic Wall:Interior - 138mm Partition (1-hr):149189 Basic Wall:Generic - 225mm Concrete:155993
     {'tolerance': 200.0, 'intersection': (-1764932873929414.2, -689.460794101305), 'e1_v1': (-1485.7994393429783, 2329.738619937767), 'e1_v2': (-9822.01193934293, 2329.7386199235066), 'e2_v1': (7847.600558404718, -689.4607941013048), 'e2_v2': (6447.600558404718, -689.4607941013048), 'w1_v1_distance_to_intersection': 1764932873927928.5, 'w1_v2_distance_to_intersection': 1764932873919592.2, 'w2_v1_distance_to_intersection': 1764932873937261.8, 'w2_v2_distance_to_intersection': 1764932873935861.8, 'orig_e1_v1': (-1485.7994393429783, 2329.738619937767), 'orig_e1_v2': (-9822.01193934293, 2329.7386199235066), 'orig_e2_v1': (7847.600558404718, -689.4607941013048), 'orig_e2_v2': (6447.600558404718, -689.4607941013048)}
Debug element is encountered. Basic Wall:Interior - 138mm Partition (1-hr):149189 Basic Wall:Generic - 225mm Concrete:156072
     {'tolerance': 200.0, 'intersection': (4431507273960048.0, 9910.539205898696), 'e1_v1': (-1485.7994393429783, 2329.738619937767), 'e1_v2': (-9822.01193934293, 2329.7386199235066), 'e2_v1': (7847.600558404735, 9910.539205898696), 'e2_v2': (6447.600558404735, 9910.539205898696), 'w1_v1_distance_to_intersection': 4431507273961534.0, 'w1_v2_distance_to_intersection': 4431507273969870.0, 'w2_v1_distance_to_intersection': 4431507273952200.5, 'w2_v2_distance_to_intersection': 4431507273953600.5, 'orig_e1_v1': (-1485.7994393429783, 2329.738619937767), 'orig_e1_v2': (-9822.01193934293, 2329.7386199235066), 'orig_e2_v1': (7847.600558404735, 9910.539205898696), 'orig_e2_v2': (6447.600558404735, 9910.539205898696)}
Debug element is encountered. Basic Wall:Interior - 138mm Partition (1-hr):149189 Basic Wall:Generic - 225mm Concrete:156175
     {'tolerance': 200.0, 'intersection': (8969522827551177.0, 17673.53920589871), 'e1_v1': (-1485.7994393429783, 2329.738619937767), 'e1_v2': (-9822.01193934293, 2329.7386199235066), 'e2_v1': (7847.600558404747, 17673.53920589871), 'e2_v2': (6447.600558404747, 17673.53920589871), 'w1_v1_distance_to_intersection': 8969522827552663.0, 'w1_v2_distance_to_intersection': 8969522827560999.0, 'w2_v1_distance_to_intersection': 8969522827543329.0, 'w2_v2_distance_to_intersection': 8969522827544729.0, 'orig_e1_v1': (-1485.7994393429783, 2329.738619937767), 'orig_e1_v2': (-9822.01193934293, 2329.7386199235066), 'orig_e2_v1': (7847.600558404747, 17673.53920589871), 'orig_e2_v2': (6447.600558404747, 17673.53920589871)}
Debug element is encountered. Basic Wall:Interior - 138mm Partition (1-hr):149189 Curtain Wall:Exterior Curtain Wall:156264
     {'tolerance': 200.0, 'intersection': (7219.638572374864, 2329.738619952659), 'e1_v1': (-1485.7994393429783, 2329.738619937767), 'e1_v2': (-9822.01193934293, 2329.7386199235066), 'e2_v1': (7219.638572374864, -664.7482941013049), 'e2_v2': (7219.638572374864, -6658.998681674548), 'w1_v1_distance_to_intersection': 8705.438011717843, 'w1_v2_distance_to_intersection': 17041.650511717795, 'w2_v1_distance_to_intersection': 2994.486914053964, 'w2_v2_distance_to_intersection': 8988.737301627207, 'orig_e1_v1': (-1485.7994393429783, 2329.738619937767), 'orig_e1_v2': (-9822.01193934293, 2329.7386199235066), 'orig_e2_v1': (7219.638572374864, -664.7482941013049), 'orig_e2_v2': (7219.638572374864, -6658.998681674548)}
Debug element is encountered. Basic Wall:Interior - 138mm Partition (1-hr):149189 Curtain Wall:Exterior Curtain Wall:156281
     {'tolerance': 200.0, 'intersection': (7219.638572374864, 2329.738619952659), 'e1_v1': (-1485.7994393429783, 2329.738619937767), 'e1_v2': (-9822.01193934293, 2329.7386199235066), 'e2_v1': (7219.638572374864, 9798.039205898698), 'e2_v2': (7219.638572374864, -664.7482941013049), 'w1_v1_distance_to_intersection': 8705.438011717843, 'w1_v2_distance_to_intersection': 17041.650511717795, 'w2_v1_distance_to_intersection': 7468.300585946039, 'w2_v2_distance_to_intersection': 2994.486914053964, 'orig_e1_v1': (-1485.7994393429783, 2329.738619937767), 'orig_e1_v2': (-9822.01193934293, 2329.7386199235066), 'orig_e2_v1': (7219.638572374864, 9798.039205898698), 'orig_e2_v2': (7219.638572374864, -664.7482941013049)}
Debug element is encountered. Basic Wall:Interior - 138mm Partition (1-hr):149189 Curtain Wall:Exterior Curtain Wall:156316
     {'tolerance': 200.0, 'intersection': (7219.638572374864, 2329.738619952659), 'e1_v1': (-1485.7994393429783, 2329.738619937767), 'e1_v2': (-9822.01193934293, 2329.7386199235066), 'e2_v1': (7219.638572374864, 17561.039205898716), 'e2_v2': (7219.638572374864, 10023.039205898694), 'w1_v1_distance_to_intersection': 8705.438011717843, 'w1_v2_distance_to_intersection': 17041.650511717795, 'w2_v1_distance_to_intersection': 15231.300585946057, 'w2_v2_distance_to_intersection': 7693.300585946035, 'orig_e1_v1': (-1485.7994393429783, 2329.738619937767), 'orig_e1_v2': (-9822.01193934293, 2329.7386199235066), 'orig_e2_v1': (7219.638572374864, 17561.039205898716), 'orig_e2_v2': (7219.638572374864, 10023.039205898694)}
Debug element is encountered. Basic Wall:Interior - 138mm Partition (1-hr):149189 Curtain Wall:Exterior Curtain Wall:156408
     {'tolerance': 200.0, 'intersection': (7269.213572374865, 2329.7386199527436), 'e1_v1': (-1485.7994393429783, 2329.738619937767), 'e1_v2': (-9822.01193934293, 2329.7386199235066), 'e2_v1': (7269.213572374865, 17786.039205898713), 'e2_v2': (7269.213572374865, 15954.164205898742), 'w1_v1_distance_to_intersection': 8755.013011717843, 'w1_v2_distance_to_intersection': 17091.225511717796, 'w2_v1_distance_to_intersection': 15456.30058594597, 'w2_v2_distance_to_intersection': 13624.425585945999, 'orig_e1_v1': (-1485.7994393429783, 2329.738619937767), 'orig_e1_v2': (-9822.01193934293, 2329.7386199235066), 'orig_e2_v1': (7269.213572374865, 17786.039205898713), 'orig_e2_v2': (7269.213572374865, 15954.164205898742)}
Debug element is encountered. Basic Wall:Interior - 138mm Partition (1-hr):149189 Basic Wall:Exterior - Insulation on Masonry:169770
     {'tolerance': 200.0, 'intersection': (3484418637668908.0, 8290.392911399997), 'e1_v1': (-1485.7994393429783, 2329.738619937767), 'e1_v2': (-9822.01193934293, 2329.7386199235066), 'e2_v1': (-1378.0494393429256, 22331.790756191756), 'e2_v2': (-9848.79943934293, 22331.79075622589), 'w1_v1_distance_to_intersection': 3484418637670394.0, 'w1_v2_distance_to_intersection': 3484418637678730.0, 'w2_v1_distance_to_intersection': 3484418637670286.0, 'w2_v2_distance_to_intersection': 3484418637678757.0, 'orig_e1_v1': (-1485.7994393429783, 2329.738619937767), 'orig_e1_v2': (-9822.01193934293, 2329.7386199235066), 'orig_e2_v1': (-1378.0494393429256, 22331.790756191756), 'orig_e2_v2': (-9848.79943934293, 22331.79075622589)}
Debug element is encountered. Basic Wall:Interior - 138mm Partition (1-hr):149189 Basic Wall:Exterior - Insulation on Masonry:182328
     {'tolerance': 200.0, 'intersection': (27360.399909655138, 2329.738619987113), 'e1_v1': (-1485.7994393429783, 2329.738619937767), 'e1_v2': (-9822.01193934293, 2329.7386199235066), 'e2_v1': (27360.399909655138, 22230.42825619169), 'e2_v2': (27360.399909655138, 30564.178256088715), 'w1_v1_distance_to_intersection': 28846.199348998118, 'w1_v2_distance_to_intersection': 37182.41184899807, 'w2_v1_distance_to_intersection': 19900.689636204577, 'w2_v2_distance_to_intersection': 28234.4396361016, 'orig_e1_v1': (-1485.7994393429783, 2329.738619937767), 'orig_e1_v2': (-9822.01193934293, 2329.7386199235066), 'orig_e2_v1': (27360.399909655138, 22230.42825619169), 'orig_e2_v2': (27360.399909655138, 30564.178256088715)}
Debug element is encountered. Basic Wall:Interior - 138mm Partition (1-hr):149189 Basic Wall:Interior - 138mm Partition (1-hr):187479
     {'tolerance': 200.0, 'intersection': (-1516.5494393429453, 2329.7386199377142), 'e1_v1': (-1516.5494393429453, 2329.7386199377142), 'e1_v2': (-9822.01193934293, 2329.7386199235066), 'e2_v1': (-1516.5494393429453, 6067.438619939099), 'e2_v2': (-1516.5494393429453, 4260.488619937834), 'w1_v1_distance_to_intersection': 30.74999999996703, 'w1_v2_distance_to_intersection': 8305.462499999985, 'w2_v1_distance_to_intersection': 3737.700000001385, 'w2_v2_distance_to_intersection': 1930.75000000012, 'orig_e1_v1': (-1485.7994393429783, 2329.738619937767), 'orig_e1_v2': (-9822.01193934293, 2329.7386199235066), 'orig_e2_v1': (-1516.5494393429453, 6067.438619939099), 'orig_e2_v2': (-1516.5494393429453, 4260.488619937834)}



[44] Curtain Wall:Exterior Curtain Wall:149877-2
[38] Basic Wall:Exterior - Insulation on Masonry:148769-2


Debug element is encountered. 
    [29] e1 Basic Wall:Interior - 138mm Partition (1-hr):149189 
    [71] e2 Curtain Wall:Exterior Curtain Wall:196713
     {
        'tolerance': 200.0, 
        'intersection': (-1504.174439342951, 2329.7386199377356), 
        'e1_v1': (-1504.174439342951, 2329.7386199377356), 
        'e1_v2': (-9822.01193934293, 2329.7386199235066), 

        'e2_v1': (-1504.1744393429449, 6067.438619938873), 
        'e2_v2': (-1504.1744393429183, 22230.42825619178), 

        'w1_v1_distance_to_intersection': 12.374999999994316, 
        'w1_v2_distance_to_intersection': 8317.83749999998, 
        'w2_v1_distance_to_intersection': 3737.700000001137, 
        'w2_v2_distance_to_intersection': 19900.689636254043, 


        'orig_e1_v1': (-1516.5494393429453, 2329.7386199377142), 
        'orig_e1_v2': (-9822.01193934293, 2329.7386199235066), 

        'orig_e2_v1': (-1504.1744393429449, 6067.438619938873), 
        'orig_e2_v2': (-1504.1744393429183, 22230.42825619178)
    }

[63] Top horz
"name": "Basic Wall:Exterior - Insulation on Masonry:169770",
        "start_vertex": [
            -1504.174439342918,
            22331.790756190476
        ],
        "end_vertex": [
            -9848.79943934293,
            22331.790756105598
        ],

[6] Vert
"name": "Curtain Wall:Exterior Curtain Wall:145547",
        "start_vertex": [
            -4073.424439342946,
            6067.438619937829
        ],
        "end_vertex": [
            -4073.424439342919,
            22180.290756191764
        ],

[109] Bottom horz
"name": "Basic Wall:Exterior - Insulation on Masonry:144837",
        "start_vertex": [
            -1504.1744393429449,
            6067.438619937829
        ],
        "end_vertex": [
            -9848.79943934293,
            6067.438619937829
        ],
